<?xml version="1.0" encoding="UTF-8"?>
<!-- Generated by org.testng.reporters.JUnitXMLReporter -->
<testsuite ignored="0" hostname="APT04-1DKF7G3" failures="0" tests="3" name="Standalonetest" time="19.959" errors="0" timestamp="2024-04-11T10:27:37 IST">
  <testcase classname="BhanuFrameworkPractice.FrameworkTest.Standalonetset" name="FirstTest" time="1.185"/>
  <testcase classname="BhanuFrameworkPractice.FrameworkTest.Standalonetset" name="FirstTest" time="0.9"/>
  <testcase classname="BhanuFrameworkPractice.FrameworkTest.Standalonetset" name="thirdTest" time="0.496"/>
</testsuite> <!-- Standalonetest -->
