<?xml version="1.0" encoding="UTF-8"?>
<!-- Generated by org.testng.reporters.JUnitXMLReporter -->
<testsuite ignored="0" hostname="APT04-1DKF7G3" failures="0" tests="3" name="Test" time="16.858" errors="0" timestamp="2024-04-06T19:57:46 IST">
  <testcase classname="BhanuFrameworkPractice.FrameworkTest.ErrorValidation" name="secondTest" time="4.254"/>
  <testcase classname="BhanuFrameworkPractice.FrameworkTest.ErrorValidation" name="thirdTest" time="4.319"/>
  <testcase classname="BhanuFrameworkPractice.FrameworkTest.Standalonetset" name="FirstTest" time="4.509"/>
</testsuite> <!-- Test -->
