<?xml version="1.0" encoding="UTF-8"?>
<!-- Generated by org.testng.reporters.JUnitXMLReporter -->
<testsuite ignored="0" hostname="APT04-1DKF7G3" failures="0" tests="2" name="ErrorValidation" time="24.04" errors="0" timestamp="2024-05-29T08:36:25 IST">
  <testcase classname="BhanuFrameworkPractice.FrameworkTest.ErrorValidation" name="fourthTest" time="1.251"/>
  <testcase classname="BhanuFrameworkPractice.FrameworkTest.ErrorValidation" name="secondTest" time="0.374"/>
</testsuite> <!-- ErrorValidation -->
