<?xml version="1.0" encoding="UTF-8"?>
<!-- Generated by org.testng.reporters.JUnitXMLReporter -->
<testsuite ignored="0" hostname="APT04-1DKF7G3" failures="0" tests="3" name="Standalonetest" time="31.497" errors="0" timestamp="2024-05-29T08:36:32 IST">
  <testcase classname="BhanuFrameworkPractice.FrameworkTest.Standalonetset" name="FirstTest" time="2.005"/>
  <testcase classname="BhanuFrameworkPractice.FrameworkTest.Standalonetset" name="FirstTest" time="1.442"/>
  <testcase classname="BhanuFrameworkPractice.FrameworkTest.Standalonetset" name="thirdTest" time="2.885"/>
</testsuite> <!-- Standalonetest -->
