<?xml version="1.0" encoding="UTF-8"?>
<testsuite xmlns:xsi="http://www.w3.org/2001/XMLSchema-instance" xsi:noNamespaceSchemaLocation="https://maven.apache.org/surefire/maven-surefire-plugin/xsd/surefire-test-report-3.0.xsd" version="3.0" name="TestSuite" time="33.29" tests="5" errors="0" skipped="0" failures="0">
  <properties>
[...]
</properties>
  <testcase name="fourthTest" classname="BhanuFrameworkPractice.FrameworkTest.ErrorValidation" time="1.248">
    <system-err><![CDATA[SLF4J: Failed to load class "org.slf4j.impl.StaticLoggerBinder".
SLF4J: Defaulting to no-operation (NOP) logger implementation
SLF4J: See http://www.slf4j.org/codes.html#StaticLoggerBinder for further details.
May 29, 2024 8:36:14 AM org.openqa.selenium.devtools.CdpVersionFinder findNearestMatch
WARNING: Unable to find an exact match for CDP version 125, returning the closest version; found: 122; Please update to a Selenium version that supports CDP version 125
May 29, 2024 8:36:14 AM org.openqa.selenium.devtools.CdpVersionFinder findNearestMatch
WARNING: Unable to find an exact match for CDP version 125, returning the closest version; found: 122; Please update to a Selenium version that supports CDP version 125
]]></system-err>
  </testcase>
  <testcase name="secondTest" classname="BhanuFrameworkPractice.FrameworkTest.ErrorValidation" time="0.37">
    <system-err><![CDATA[May 29, 2024 8:36:21 AM org.openqa.selenium.devtools.CdpVersionFinder findNearestMatch
WARNING: Unable to find an exact match for CDP version 125, returning the closest version; found: 122; Please update to a Selenium version that supports CDP version 125
May 29, 2024 8:36:22 AM org.openqa.selenium.devtools.CdpVersionFinder findNearestMatch
WARNING: Unable to find an exact match for CDP version 125, returning the closest version; found: 122; Please update to a Selenium version that supports CDP version 125
]]></system-err>
  </testcase>
  <testcase name="FirstTest[{password=secret_sauce, email=standard_user}](1)" classname="BhanuFrameworkPractice.FrameworkTest.Standalonetset" time="2.003"/>
  <testcase name="FirstTest[{password=secret_sauce, email=standard_user}](2)" classname="BhanuFrameworkPractice.FrameworkTest.Standalonetset" time="1.432"/>
  <testcase name="thirdTest" classname="BhanuFrameworkPractice.FrameworkTest.Standalonetset" time="2.885">
    <system-err><![CDATA[May 29, 2024 8:36:28 AM org.openqa.selenium.devtools.CdpVersionFinder findNearestMatch
WARNING: Unable to find an exact match for CDP version 125, returning the closest version; found: 122; Please update to a Selenium version that supports CDP version 125
]]></system-err>
  </testcase>
</testsuite>