<?xml version="1.0" encoding="UTF-8"?>
<testng-results ignored="0" total="5" passed="5" failed="0" skipped="0">
  <reporter-output>
  </reporter-output>
  <suite started-at="2024-05-29T08:36:01 IST" name="Suite" finished-at="2024-05-29T08:36:32 IST" duration-ms="31497">
    <groups>
      <group name="PurchaseOrder">
        <method signature="Standalonetset.FirstTest(java.util.HashMap)[pri:0, instance:BhanuFrameworkPractice.FrameworkTest.Standalonetset@353352b6]" name="FirstTest" class="BhanuFrameworkPractice.FrameworkTest.Standalonetset"/>
      </group> <!-- PurchaseOrder -->
      <group name="errorHandling">
        <method signature="ErrorValidation.fourthTest()[pri:0, instance:BhanuFrameworkPractice.FrameworkTest.ErrorValidation@194fad1]" name="fourthTest" class="BhanuFrameworkPractice.FrameworkTest.ErrorValidation"/>
        <method signature="ErrorValidation.secondTest()[pri:0, instance:BhanuFrameworkPractice.FrameworkTest.ErrorValidation@194fad1]" name="secondTest" class="BhanuFrameworkPractice.FrameworkTest.ErrorValidation"/>
      </group> <!-- errorHandling -->
    </groups>
    <test started-at="2024-05-29T08:36:01 IST" name="ErrorValidation" finished-at="2024-05-29T08:36:25 IST" duration-ms="24040">
      <class name="BhanuFrameworkPractice.FrameworkTest.ErrorValidation">
        <test-method is-config="true" signature="launchapplication()[pri:0, instance:BhanuFrameworkPractice.FrameworkTest.ErrorValidation@194fad1]" started-at="2024-05-29T08:36:01 IST" name="launchapplication" finished-at="2024-05-29T08:36:18 IST" duration-ms="17087" status="PASS">
          <reporter-output>
          </reporter-output>
        </test-method> <!-- launchapplication -->
        <test-method signature="fourthTest()[pri:0, instance:BhanuFrameworkPractice.FrameworkTest.ErrorValidation@194fad1]" started-at="2024-05-29T08:36:18 IST" name="fourthTest" finished-at="2024-05-29T08:36:19 IST" duration-ms="1251" status="PASS">
          <reporter-output>
          </reporter-output>
        </test-method> <!-- fourthTest -->
        <test-method is-config="true" signature="logout()[pri:0, instance:BhanuFrameworkPractice.FrameworkTest.ErrorValidation@194fad1]" started-at="2024-05-29T08:36:19 IST" name="logout" finished-at="2024-05-29T08:36:20 IST" duration-ms="461" status="PASS">
          <reporter-output>
          </reporter-output>
        </test-method> <!-- logout -->
        <test-method is-config="true" signature="launchapplication()[pri:0, instance:BhanuFrameworkPractice.FrameworkTest.ErrorValidation@194fad1]" started-at="2024-05-29T08:36:20 IST" name="launchapplication" finished-at="2024-05-29T08:36:24 IST" duration-ms="4593" status="PASS">
          <reporter-output>
          </reporter-output>
        </test-method> <!-- launchapplication -->
        <test-method signature="secondTest()[pri:0, instance:BhanuFrameworkPractice.FrameworkTest.ErrorValidation@194fad1]" started-at="2024-05-29T08:36:24 IST" name="secondTest" finished-at="2024-05-29T08:36:25 IST" duration-ms="374" status="PASS">
          <reporter-output>
          </reporter-output>
        </test-method> <!-- secondTest -->
        <test-method is-config="true" signature="logout()[pri:0, instance:BhanuFrameworkPractice.FrameworkTest.ErrorValidation@194fad1]" started-at="2024-05-29T08:36:25 IST" name="logout" finished-at="2024-05-29T08:36:25 IST" duration-ms="227" status="PASS">
          <reporter-output>
          </reporter-output>
        </test-method> <!-- logout -->
      </class> <!-- BhanuFrameworkPractice.FrameworkTest.ErrorValidation -->
    </test> <!-- ErrorValidation -->
    <test started-at="2024-05-29T08:36:01 IST" name="Standalonetest" finished-at="2024-05-29T08:36:32 IST" duration-ms="31497">
      <class name="BhanuFrameworkPractice.FrameworkTest.Standalonetset">
        <test-method is-config="true" signature="launchapplication()[pri:0, instance:BhanuFrameworkPractice.FrameworkTest.Standalonetset@353352b6]" started-at="2024-05-29T08:36:01 IST" name="launchapplication" finished-at="2024-05-29T08:36:18 IST" duration-ms="16768" status="PASS">
          <reporter-output>
          </reporter-output>
        </test-method> <!-- launchapplication -->
        <test-method signature="FirstTest(java.util.HashMap)[pri:0, instance:BhanuFrameworkPractice.FrameworkTest.Standalonetset@353352b6]" started-at="2024-05-29T08:36:18 IST" name="FirstTest" data-provider="getData" finished-at="2024-05-29T08:36:20 IST" duration-ms="2005" status="PASS">
          <params>
            <param index="0">
              <value>
                <![CDATA[{password=secret_sauce, email=standard_user}]]>
              </value>
            </param>
          </params>
          <reporter-output>
          </reporter-output>
        </test-method> <!-- FirstTest -->
        <test-method is-config="true" signature="logout()[pri:0, instance:BhanuFrameworkPractice.FrameworkTest.Standalonetset@353352b6]" started-at="2024-05-29T08:36:20 IST" name="logout" finished-at="2024-05-29T08:36:21 IST" duration-ms="668" status="PASS">
          <reporter-output>
          </reporter-output>
        </test-method> <!-- logout -->
        <test-method is-config="true" signature="launchapplication()[pri:0, instance:BhanuFrameworkPractice.FrameworkTest.Standalonetset@353352b6]" started-at="2024-05-29T08:36:21 IST" name="launchapplication" finished-at="2024-05-29T08:36:25 IST" duration-ms="4448" status="PASS">
          <reporter-output>
          </reporter-output>
        </test-method> <!-- launchapplication -->
        <test-method signature="FirstTest(java.util.HashMap)[pri:0, instance:BhanuFrameworkPractice.FrameworkTest.Standalonetset@353352b6]" started-at="2024-05-29T08:36:25 IST" name="FirstTest" data-provider="getData" finished-at="2024-05-29T08:36:26 IST" duration-ms="1442" status="PASS">
          <params>
            <param index="0">
              <value>
                <![CDATA[{password=secret_sauce, email=standard_user}]]>
              </value>
            </param>
          </params>
          <reporter-output>
          </reporter-output>
        </test-method> <!-- FirstTest -->
        <test-method is-config="true" signature="logout()[pri:0, instance:BhanuFrameworkPractice.FrameworkTest.Standalonetset@353352b6]" started-at="2024-05-29T08:36:26 IST" name="logout" finished-at="2024-05-29T08:36:27 IST" duration-ms="497" status="PASS">
          <reporter-output>
          </reporter-output>
        </test-method> <!-- logout -->
        <test-method is-config="true" signature="launchapplication()[pri:0, instance:BhanuFrameworkPractice.FrameworkTest.Standalonetset@353352b6]" started-at="2024-05-29T08:36:27 IST" name="launchapplication" finished-at="2024-05-29T08:36:29 IST" duration-ms="2114" status="PASS">
          <reporter-output>
          </reporter-output>
        </test-method> <!-- launchapplication -->
        <test-method signature="thirdTest()[pri:0, instance:BhanuFrameworkPractice.FrameworkTest.Standalonetset@353352b6]" started-at="2024-05-29T08:36:29 IST" name="thirdTest" finished-at="2024-05-29T08:36:32 IST" depends-on-methods="BhanuFrameworkPractice.FrameworkTest.Standalonetset.FirstTest" duration-ms="2885" status="PASS">
          <reporter-output>
          </reporter-output>
        </test-method> <!-- thirdTest -->
        <test-method is-config="true" signature="logout()[pri:0, instance:BhanuFrameworkPractice.FrameworkTest.Standalonetset@353352b6]" started-at="2024-05-29T08:36:32 IST" name="logout" finished-at="2024-05-29T08:36:32 IST" duration-ms="309" status="PASS">
          <reporter-output>
          </reporter-output>
        </test-method> <!-- logout -->
      </class> <!-- BhanuFrameworkPractice.FrameworkTest.Standalonetset -->
    </test> <!-- Standalonetest -->
  </suite> <!-- Suite -->
</testng-results>
